<?xml version="1.0" encoding="UTF-8"?>
<!-- Generated by org.testng.reporters.JUnitReportReporter -->
<testsuite skipped="0" hostname="ip-172-31-81-201" name="test.LoginTest" tests="3" failures="0" timestamp="09 Nov 2021 04:43:45 GMT" time="11.843" errors="0">
  <testcase name="ExcelTest" time="4.011" classname="test.LoginTest"/>
  <testcase name="PositiveLogin" time="4.255" classname="test.LoginTest"/>
  <testcase name="NegativeLogin" time="3.577" classname="test.LoginTest"/>
</testsuite> <!-- test.LoginTest -->
