<?xml version="1.0" encoding="UTF-8"?>
<!-- Generated by org.testng.reporters.JUnitReportReporter -->
<testsuite skipped="0" hostname="ip-172-31-81-201" name="test.LoginTest" tests="3" failures="0" timestamp="12 Nov 2021 05:56:24 GMT" time="13.663" errors="0">
  <testcase name="NegativeLogin" time="4.107" classname="test.LoginTest"/>
  <testcase name="PositiveLogin" time="4.607" classname="test.LoginTest"/>
  <testcase name="ExcelTest" time="4.949" classname="test.LoginTest"/>
</testsuite> <!-- test.LoginTest -->
