<?xml version="1.0" encoding="UTF-8"?>
<!-- Generated by org.testng.reporters.JUnitReportReporter -->
<testsuite skipped="0" hostname="ip-172-31-81-201" name="test.LoginTest" tests="3" failures="0" timestamp="09 Nov 2021 07:04:25 GMT" time="12.593" errors="0">
  <testcase name="ExcelTest" time="3.599" classname="test.LoginTest"/>
  <testcase name="NegativeLogin" time="4.392" classname="test.LoginTest"/>
  <testcase name="PositiveLogin" time="4.602" classname="test.LoginTest"/>
</testsuite> <!-- test.LoginTest -->
